<?xml version="1.0" encoding="UTF-8"?>
<!-- Generated by org.testng.reporters.JUnitXMLReporter -->
<testsuite ignored="2" hostname="DESKTOP-VPQEO95" failures="0" tests="1" name="Default test" time="37.444" errors="0" timestamp="2021-11-15T17:09:55 IST">
  <testcase classname="com.OrganizationModule.testcases.OrganizationModuleTest" name="createOrgTest" time="21.05"/>
  <testcase classname="com.OrganizationModule.testcases.OrganizationModuleTest" name="createOrgWithSHipAddr" time="0.0">
    <ignored/>
  </testcase> <!-- createOrgWithSHipAddr -->
  <testcase classname="com.OrganizationModule.testcases.OrganizationModuleTest" name="createOrgWithIndustryTest" time="0.0">
    <ignored/>
  </testcase> <!-- createOrgWithIndustryTest -->
</testsuite> <!-- Default test -->
