<?xml version="1.0" encoding="UTF-8"?>
<!-- Generated by org.testng.reporters.JUnitXMLReporter -->
<testsuite ignored="2" hostname="DESKTOP-VPQEO95" failures="0" tests="1" name="Test_Runner3" time="45.347" errors="0" timestamp="2021-11-02T12:43:29 IST">
  <testcase classname="com.OrganizationModule.testcases.OrganizationModule" name="createOrgWithSHipAddr" time="29.112"/>
  <testcase classname="com.OrganizationModule.testcases.OrganizationModule" name="createOrgWithIndustry" time="0.0">
    <ignored/>
  </testcase> <!-- createOrgWithIndustry -->
  <testcase classname="com.OrganizationModule.testcases.OrganizationModule" name="createOrg" time="0.0">
    <ignored/>
  </testcase> <!-- createOrg -->
</testsuite> <!-- Test_Runner3 -->
