<?xml version="1.0" encoding="UTF-8"?>
<!-- Generated by org.testng.reporters.JUnitXMLReporter -->
<testsuite ignored="2" hostname="DESKTOP-VPQEO95" failures="0" tests="1" name="Test_Runner1" time="53.232" errors="0" timestamp="2021-11-02T14:49:10 IST">
  <testcase classname="com.OrganizationModule.testcases.OrganizationModule" name="createOrg" time="32.347"/>
  <testcase classname="com.OrganizationModule.testcases.OrganizationModule" name="createOrgWithIndustry" time="0.0">
    <ignored/>
  </testcase> <!-- createOrgWithIndustry -->
  <testcase classname="com.OrganizationModule.testcases.OrganizationModule" name="createOrgWithSHipAddr" time="0.0">
    <ignored/>
  </testcase> <!-- createOrgWithSHipAddr -->
</testsuite> <!-- Test_Runner1 -->
